<?xml version="1.0" encoding="UTF-8"?>
<!-- Generated by org.testng.reporters.JUnitReportReporter -->
<testsuite hostname="VJ-PC" name="Pack1.TestsFrames" tests="1" failures="0" timestamp="17 Feb 2016 20:59:34 GMT" time="66.333" errors="0">
  <testcase name="test" time="66.333" classname="Pack1.TestsFrames"/>
</testsuite> <!-- Pack1.TestsFrames -->
