<?xml version="1.0" encoding="UTF-8"?>
<!-- Generated by org.testng.reporters.JUnitReportReporter -->
<testsuite hostname="Govardhan-PC" name="Pack1.ScrollDown" tests="1" failures="0" timestamp="17 Feb 2016 07:27:29 GMT" time="30.500" errors="0">
  <testcase name="test" time="30.500" classname="Pack1.ScrollDown"/>
</testsuite> <!-- Pack1.ScrollDown -->
